0 info it worked if it ends with ok
1 verbose cli [ '/usr/local/bin/node',
1 verbose cli   '/Users/sklinkertz/Desktop/sklinkertz.github.io/node_modules/.bin/npm',
1 verbose cli   'run',
1 verbose cli   'uglify:dist' ]
2 info using npm@2.15.12
3 info using node@v8.7.0
4 warn invalid config loglevel="notice"
5 verbose run-script [ 'preuglify:dist', 'uglify:dist', 'postuglify:dist' ]
6 info preuglify:dist sklinkertz.github.io@1.0.0
7 info uglify:dist sklinkertz.github.io@1.0.0
8 verbose unsafe-perm in lifecycle true
9 info sklinkertz.github.io@1.0.0 Failed to exec uglify:dist script
10 verbose stack Error: sklinkertz.github.io@1.0.0 uglify:dist: `uglify /js/*.js > /js/script.min.js`
10 verbose stack Exit status 1
10 verbose stack     at EventEmitter.<anonymous> (/Users/sklinkertz/Desktop/sklinkertz.github.io/node_modules/npm/lib/utils/lifecycle.js:217:16)
10 verbose stack     at emitTwo (events.js:125:13)
10 verbose stack     at EventEmitter.emit (events.js:213:7)
10 verbose stack     at ChildProcess.<anonymous> (/Users/sklinkertz/Desktop/sklinkertz.github.io/node_modules/npm/lib/utils/spawn.js:24:14)
10 verbose stack     at emitTwo (events.js:125:13)
10 verbose stack     at ChildProcess.emit (events.js:213:7)
10 verbose stack     at maybeClose (internal/child_process.js:927:16)
10 verbose stack     at Process.ChildProcess._handle.onexit (internal/child_process.js:211:5)
11 verbose pkgid sklinkertz.github.io@1.0.0
12 verbose cwd /Users/sklinkertz/Desktop/sklinkertz.github.io
13 error Darwin 16.6.0
14 error argv "/usr/local/bin/node" "/Users/sklinkertz/Desktop/sklinkertz.github.io/node_modules/.bin/npm" "run" "uglify:dist"
15 error node v8.7.0
16 error npm  v2.15.12
17 error code ELIFECYCLE
18 error sklinkertz.github.io@1.0.0 uglify:dist: `uglify /js/*.js > /js/script.min.js`
18 error Exit status 1
19 error Failed at the sklinkertz.github.io@1.0.0 uglify:dist script 'uglify /js/*.js > /js/script.min.js'.
19 error This is most likely a problem with the sklinkertz.github.io package,
19 error not with npm itself.
19 error Tell the author that this fails on your system:
19 error     uglify /js/*.js > /js/script.min.js
19 error You can get information on how to open an issue for this project with:
19 error     npm bugs sklinkertz.github.io
19 error Or if that isn't available, you can get their info via:
19 error
19 error     npm owner ls sklinkertz.github.io
19 error There is likely additional logging output above.
20 verbose exit [ 1, true ]
